<?xml version="1.0" encoding="UTF-8"?>
<!-- Generated by org.testng.reporters.JUnitXMLReporter -->
<testsuite hostname="IN1-1016845LTT" ignored="0" name="Test" tests="6" failures="0" timestamp="20 Nov 2021 00:15:51 GMT" time="2.669" errors="0">
  <testcase name="FirstTC" time="2.334" classname="org.testing.TestScripts.TC1_PostRequest"/>
  <testcase name="FifthTC" time="0.107" classname="org.testing.TestScripts.TC5_PutRequest"/>
  <testcase name="SixthTC" time="0.054" classname="org.testing.TestScripts.TC6_DeleteRequest"/>
  <testcase name="ThirdTC" time="0.065" classname="org.testing.TestScripts.TC3_GetsAll"/>
  <testcase name="FourthTC" time="0.047" classname="org.testing.TestScripts.TC4_GetAll_FetchID"/>
  <testcase name="SecondTc" time="0.035" classname="org.testing.TestScripts.TC2_GetRequest"/>
</testsuite> <!-- Test -->
